Determining if the pthread_create exist failed with the following output:
Change Dir: /home/ajwahir/grmc/catkin_ws_blue/src/cmake-build-debug/CMakeFiles/CMakeTmp

Run Build Command:"/usr/bin/make" "cmTC_debcc/fast"
/usr/bin/make -f CMakeFiles/cmTC_debcc.dir/build.make CMakeFiles/cmTC_debcc.dir/build
make[1]: Entering directory '/home/ajwahir/grmc/catkin_ws_blue/src/cmake-build-debug/CMakeFiles/CMakeTmp'
Building C object CMakeFiles/cmTC_debcc.dir/CheckSymbolExists.c.o
/usr/bin/cc    -o CMakeFiles/cmTC_debcc.dir/CheckSymbolExists.c.o   -c /home/ajwahir/grmc/catkin_ws_blue/src/cmake-build-debug/CMakeFiles/CMakeTmp/CheckSymbolExists.c
Linking C executable cmTC_debcc
/home/ajwahir/dc/clion-2017.3.1/bin/cmake/bin/cmake -E cmake_link_script CMakeFiles/cmTC_debcc.dir/link.txt --verbose=1
/usr/bin/cc      -rdynamic CMakeFiles/cmTC_debcc.dir/CheckSymbolExists.c.o  -o cmTC_debcc 
CMakeFiles/cmTC_debcc.dir/CheckSymbolExists.c.o: In function `main':
CheckSymbolExists.c:(.text+0x16): undefined reference to `pthread_create'
collect2: error: ld returned 1 exit status
CMakeFiles/cmTC_debcc.dir/build.make:97: recipe for target 'cmTC_debcc' failed
make[1]: *** [cmTC_debcc] Error 1
make[1]: Leaving directory '/home/ajwahir/grmc/catkin_ws_blue/src/cmake-build-debug/CMakeFiles/CMakeTmp'
Makefile:126: recipe for target 'cmTC_debcc/fast' failed
make: *** [cmTC_debcc/fast] Error 2

File /home/ajwahir/grmc/catkin_ws_blue/src/cmake-build-debug/CMakeFiles/CMakeTmp/CheckSymbolExists.c:
/* */
#include <pthread.h>

int main(int argc, char** argv)
{
  (void)argv;
#ifndef pthread_create
  return ((int*)(&pthread_create))[argc];
#else
  (void)argc;
  return 0;
#endif
}

Determining if the function pthread_create exists in the pthreads failed with the following output:
Change Dir: /home/ajwahir/grmc/catkin_ws_blue/src/cmake-build-debug/CMakeFiles/CMakeTmp

Run Build Command:"/usr/bin/make" "cmTC_4677a/fast"
/usr/bin/make -f CMakeFiles/cmTC_4677a.dir/build.make CMakeFiles/cmTC_4677a.dir/build
make[1]: Entering directory '/home/ajwahir/grmc/catkin_ws_blue/src/cmake-build-debug/CMakeFiles/CMakeTmp'
Building C object CMakeFiles/cmTC_4677a.dir/CheckFunctionExists.c.o
/usr/bin/cc   -DCHECK_FUNCTION_EXISTS=pthread_create   -o CMakeFiles/cmTC_4677a.dir/CheckFunctionExists.c.o   -c /home/ajwahir/dc/clion-2017.3.1/bin/cmake/share/cmake-3.9/Modules/CheckFunctionExists.c
Linking C executable cmTC_4677a
/home/ajwahir/dc/clion-2017.3.1/bin/cmake/bin/cmake -E cmake_link_script CMakeFiles/cmTC_4677a.dir/link.txt --verbose=1
/usr/bin/cc  -DCHECK_FUNCTION_EXISTS=pthread_create    -rdynamic CMakeFiles/cmTC_4677a.dir/CheckFunctionExists.c.o  -o cmTC_4677a -lpthreads 
/usr/bin/ld: cannot find -lpthreads
collect2: error: ld returned 1 exit status
CMakeFiles/cmTC_4677a.dir/build.make:97: recipe for target 'cmTC_4677a' failed
make[1]: *** [cmTC_4677a] Error 1
make[1]: Leaving directory '/home/ajwahir/grmc/catkin_ws_blue/src/cmake-build-debug/CMakeFiles/CMakeTmp'
Makefile:126: recipe for target 'cmTC_4677a/fast' failed
make: *** [cmTC_4677a/fast] Error 2


